TN:
SF:/Users/robj2e/Git/hapi-project/src/app.js
FNF:0
FNH:0
LF:0
LH:0
BRF:0
BRH:0
end_of_record
TN:
SF:/Users/robj2e/Git/hapi-project/src/server.js
FN:31,start
FNF:1
FNH:0
FNDA:0,start
DA:3,0
DA:4,0
DA:5,0
DA:6,0
DA:7,0
DA:9,0
DA:10,0
DA:15,0
DA:21,0
DA:24,0
DA:27,0
DA:32,0
DA:33,0
DA:35,0
DA:36,0
DA:38,0
DA:41,0
LF:17
LH:0
BRF:0
BRH:0
end_of_record
TN:
SF:/Users/robj2e/Git/hapi-project/src/controllers/orders.js
FN:13,ordersGetAll
FN:22,(anonymous_1)
FN:43,ordersCreateOrder
FN:77,ordersGetOrder
FN:99,ordersDeleteOrder
FNF:5
FNH:2
FNDA:1,ordersGetAll
FNDA:1,(anonymous_1)
FNDA:0,ordersCreateOrder
FNDA:0,ordersGetOrder
FNDA:0,ordersDeleteOrder
DA:1,1
DA:2,1
DA:3,1
DA:5,1
DA:14,1
DA:15,1
DA:20,1
DA:23,1
DA:34,1
DA:36,0
DA:39,0
DA:44,0
DA:45,0
DA:46,0
DA:47,0
DA:49,0
DA:54,0
DA:56,0
DA:68,0
DA:70,0
DA:73,0
DA:78,0
DA:79,0
DA:83,0
DA:84,0
DA:86,0
DA:93,0
DA:95,0
DA:100,0
DA:101,0
DA:102,0
DA:110,0
DA:112,0
LF:33
LH:9
BRDA:46,0,0,0
BRDA:46,0,1,0
BRDA:83,1,0,0
BRDA:83,1,1,0
BRF:4
BRH:0
end_of_record
TN:
SF:/Users/robj2e/Git/hapi-project/src/controllers/products.js
FN:13,productsGetAll
FN:21,(anonymous_1)
FN:44,productsCreateProduct
FN:52,(anonymous_3)
FN:58,(anonymous_4)
FN:97,productsGetProduct
FN:123,productsUpdateProduct
FN:147,productsDeleteProduct
FNF:8
FNH:5
FNDA:2,productsGetAll
FNDA:1,(anonymous_1)
FNDA:0,productsCreateProduct
FNDA:0,(anonymous_3)
FNDA:0,(anonymous_4)
FNDA:3,productsGetProduct
FNDA:2,productsUpdateProduct
FNDA:2,productsDeleteProduct
DA:1,9
DA:2,9
DA:3,9
DA:5,9
DA:14,2
DA:15,2
DA:19,1
DA:22,1
DA:34,1
DA:37,1
DA:40,1
DA:45,0
DA:46,0
DA:47,0
DA:48,0
DA:49,0
DA:50,0
DA:52,0
DA:53,0
DA:56,0
DA:58,0
DA:59,0
DA:66,0
DA:72,0
DA:73,0
DA:74,0
DA:75,0
DA:87,0
DA:90,0
DA:93,0
DA:98,3
DA:99,3
DA:100,3
DA:101,3
DA:104,2
DA:105,1
DA:113,1
DA:115,1
DA:119,1
DA:124,2
DA:125,2
DA:126,2
DA:127,2
DA:128,2
DA:130,2
DA:132,1
DA:140,1
DA:143,1
DA:148,2
DA:149,2
DA:150,2
DA:152,1
DA:161,1
DA:163,1
DA:164,1
LF:55
LH:36
BRDA:47,0,0,0
BRDA:47,0,1,0
BRDA:104,1,0,1
BRDA:104,1,1,1
BRF:4
BRH:2
end_of_record
TN:
SF:/Users/robj2e/Git/hapi-project/src/controllers/user.js
FN:12,userSignup
FN:35,userLogin
FN:62,userDelete
FNF:3
FNH:0
FNDA:0,userSignup
FNDA:0,userLogin
FNDA:0,userDelete
DA:1,0
DA:2,0
DA:3,0
DA:4,0
DA:6,0
DA:13,0
DA:14,0
DA:15,0
DA:16,0
DA:18,0
DA:19,0
DA:25,0
DA:26,0
DA:27,0
DA:30,0
DA:31,0
DA:36,0
DA:37,0
DA:38,0
DA:39,0
DA:42,0
DA:43,0
DA:44,0
DA:53,0
DA:55,0
DA:57,0
DA:58,0
DA:63,0
DA:64,0
DA:65,0
DA:67,0
DA:68,0
LF:32
LH:0
BRDA:15,0,0,0
BRDA:15,0,1,0
BRDA:38,1,0,0
BRDA:38,1,1,0
BRDA:43,2,0,0
BRDA:43,2,1,0
BRF:6
BRH:0
end_of_record
TN:
SF:/Users/robj2e/Git/hapi-project/src/models/order.js
FNF:0
FNH:0
DA:1,0
DA:3,0
DA:9,0
LF:3
LH:0
BRF:0
BRH:0
end_of_record
TN:
SF:/Users/robj2e/Git/hapi-project/src/models/product.js
FNF:0
FNH:0
DA:1,1
DA:3,1
DA:10,1
LF:3
LH:3
BRF:0
BRH:0
end_of_record
TN:
SF:/Users/robj2e/Git/hapi-project/src/models/user.js
FNF:0
FNH:0
DA:1,0
DA:3,0
DA:14,0
LF:3
LH:0
BRF:0
BRH:0
end_of_record
TN:
SF:/Users/robj2e/Git/hapi-project/src/routes/order.js
FNF:0
FNH:0
DA:1,0
DA:3,0
LF:2
LH:0
BRF:0
BRH:0
end_of_record
TN:
SF:/Users/robj2e/Git/hapi-project/src/routes/products.js
FNF:0
FNH:0
DA:1,0
DA:3,0
LF:2
LH:0
BRF:0
BRH:0
end_of_record
TN:
SF:/Users/robj2e/Git/hapi-project/src/routes/user.js
FNF:0
FNH:0
DA:1,0
DA:3,0
LF:2
LH:0
BRF:0
BRH:0
end_of_record
