TN:
SF:/Users/robj2e/Git/hapi-project/src/app.js
FNF:0
FNH:0
LF:0
LH:0
BRF:0
BRH:0
end_of_record
TN:
SF:/Users/robj2e/Git/hapi-project/src/server.js
FN:31,start
FNF:1
FNH:0
FNDA:0,start
DA:3,0
DA:4,0
DA:5,0
DA:6,0
DA:7,0
DA:9,0
DA:10,0
DA:15,0
DA:21,0
DA:24,0
DA:27,0
DA:32,0
DA:33,0
DA:35,0
DA:36,0
DA:38,0
DA:41,0
LF:17
LH:0
BRF:0
BRH:0
end_of_record
TN:
SF:/Users/robj2e/Git/hapi-project/src/controllers/orders.js
FN:13,ordersGetAll
FN:22,(anonymous_1)
FN:43,ordersCreateOrder
FN:78,ordersGetOrder
FN:100,ordersDeleteOrder
FNF:5
FNH:5
FNDA:2,ordersGetAll
FNDA:1,(anonymous_1)
FNDA:3,ordersCreateOrder
FNDA:3,ordersGetOrder
FNDA:2,ordersDeleteOrder
DA:1,11
DA:2,11
DA:3,11
DA:5,11
DA:14,2
DA:15,2
DA:20,1
DA:23,1
DA:34,1
DA:36,1
DA:39,1
DA:44,3
DA:45,3
DA:46,2
DA:47,1
DA:49,1
DA:54,1
DA:56,1
DA:68,1
DA:70,1
DA:71,1
DA:74,1
DA:79,3
DA:80,3
DA:84,2
DA:85,1
DA:87,1
DA:94,1
DA:96,1
DA:101,2
DA:102,2
DA:103,1
DA:111,1
DA:113,1
LF:34
LH:34
BRDA:46,0,0,1
BRDA:46,0,1,1
BRDA:84,1,0,1
BRDA:84,1,1,1
BRF:4
BRH:4
end_of_record
TN:
SF:/Users/robj2e/Git/hapi-project/src/controllers/products.js
FN:13,productsGetAll
FN:21,(anonymous_1)
FN:44,productsCreateProduct
FN:52,(anonymous_3)
FN:58,(anonymous_4)
FN:97,productsGetProduct
FN:123,productsUpdateProduct
FN:147,productsDeleteProduct
FNF:8
FNH:5
FNDA:2,productsGetAll
FNDA:1,(anonymous_1)
FNDA:0,productsCreateProduct
FNDA:0,(anonymous_3)
FNDA:0,(anonymous_4)
FNDA:3,productsGetProduct
FNDA:2,productsUpdateProduct
FNDA:2,productsDeleteProduct
DA:1,9
DA:2,9
DA:3,9
DA:5,9
DA:14,2
DA:15,2
DA:19,1
DA:22,1
DA:34,1
DA:37,1
DA:40,1
DA:45,0
DA:46,0
DA:47,0
DA:48,0
DA:49,0
DA:50,0
DA:52,0
DA:53,0
DA:56,0
DA:58,0
DA:59,0
DA:66,0
DA:72,0
DA:73,0
DA:74,0
DA:75,0
DA:87,0
DA:90,0
DA:93,0
DA:98,3
DA:99,3
DA:100,3
DA:101,3
DA:104,2
DA:105,1
DA:113,1
DA:115,1
DA:119,1
DA:124,2
DA:125,2
DA:126,2
DA:127,2
DA:128,2
DA:130,2
DA:132,1
DA:140,1
DA:143,1
DA:148,2
DA:149,2
DA:150,2
DA:152,1
DA:161,1
DA:164,1
LF:54
LH:35
BRDA:47,0,0,0
BRDA:47,0,1,0
BRDA:104,1,0,1
BRDA:104,1,1,1
BRF:4
BRH:2
end_of_record
TN:
SF:/Users/robj2e/Git/hapi-project/src/controllers/user.js
FN:12,userSignup
FN:33,userLogin
FN:60,userDelete
FNF:3
FNH:1
FNDA:2,userSignup
FNDA:0,userLogin
FNDA:0,userDelete
DA:1,2
DA:2,2
DA:3,2
DA:4,2
DA:6,2
DA:13,2
DA:14,2
DA:15,2
DA:16,1
DA:18,1
DA:19,1
DA:24,1
DA:25,1
DA:28,0
DA:29,0
DA:34,0
DA:35,0
DA:36,0
DA:37,0
DA:40,0
DA:41,0
DA:42,0
DA:51,0
DA:53,0
DA:55,0
DA:56,0
DA:61,0
DA:62,0
DA:63,0
DA:65,0
DA:66,0
LF:31
LH:13
BRDA:15,0,0,1
BRDA:15,0,1,1
BRDA:36,1,0,0
BRDA:36,1,1,0
BRDA:41,2,0,0
BRDA:41,2,1,0
BRF:6
BRH:2
end_of_record
TN:
SF:/Users/robj2e/Git/hapi-project/src/models/order.js
FNF:0
FNH:0
DA:1,0
DA:3,0
DA:9,0
LF:3
LH:0
BRF:0
BRH:0
end_of_record
TN:
SF:/Users/robj2e/Git/hapi-project/src/models/product.js
FNF:0
FNH:0
DA:1,0
DA:3,0
DA:10,0
LF:3
LH:0
BRF:0
BRH:0
end_of_record
TN:
SF:/Users/robj2e/Git/hapi-project/src/models/user.js
FNF:0
FNH:0
DA:1,0
DA:3,0
DA:14,0
LF:3
LH:0
BRF:0
BRH:0
end_of_record
TN:
SF:/Users/robj2e/Git/hapi-project/src/routes/order.js
FNF:0
FNH:0
DA:1,0
DA:3,0
LF:2
LH:0
BRF:0
BRH:0
end_of_record
TN:
SF:/Users/robj2e/Git/hapi-project/src/routes/products.js
FNF:0
FNH:0
DA:1,0
DA:3,0
LF:2
LH:0
BRF:0
BRH:0
end_of_record
TN:
SF:/Users/robj2e/Git/hapi-project/src/routes/user.js
FNF:0
FNH:0
DA:1,0
DA:3,0
LF:2
LH:0
BRF:0
BRH:0
end_of_record
